0 info it worked if it ends with ok
1 verbose cli [ '/usr/local/bin/node', '/usr/local/bin/npm', 'run', 'dev' ]
2 info using npm@3.8.9
3 info using node@v6.2.0
4 verbose run-script [ 'predev', 'dev', 'postdev' ]
5 info lifecycle crud-vue@~predev: crud-vue@
6 silly lifecycle crud-vue@~predev: no script for predev, continuing
7 info lifecycle crud-vue@~dev: crud-vue@
8 verbose lifecycle crud-vue@~dev: unsafe-perm in lifecycle true
9 verbose lifecycle crud-vue@~dev: PATH: /usr/local/lib/node_modules/npm/bin/node-gyp-bin:/home/pbarbosa/Workspace/tests-wokspace/crud-vue/node_modules/.bin:/usr/local/bin:/home/pbarbosa/.rbenv/plugins/ruby-build/bin:/home/pbarbosa/.rbenv/shims:/home/pbarbosa/.rbenv/bin:/home/pbarbosa/bin:/home/pbarbosa/.local/bin:/usr/local/sbin:/usr/local/bin:/usr/sbin:/usr/bin:/sbin:/bin:/usr/games:/usr/local/games:/snap/bin
10 verbose lifecycle crud-vue@~dev: CWD: /home/pbarbosa/Workspace/tests-wokspace/crud-vue
11 silly lifecycle crud-vue@~dev: Args: [ '-c', 'npm-run-all --parallel watchify serve' ]
12 silly lifecycle crud-vue@~dev: Returned: code: 1  signal: null
13 info lifecycle crud-vue@~dev: Failed to exec dev script
14 verbose stack Error: crud-vue@ dev: `npm-run-all --parallel watchify serve`
14 verbose stack Exit status 1
14 verbose stack     at EventEmitter.<anonymous> (/usr/local/lib/node_modules/npm/lib/utils/lifecycle.js:245:16)
14 verbose stack     at emitTwo (events.js:106:13)
14 verbose stack     at EventEmitter.emit (events.js:191:7)
14 verbose stack     at ChildProcess.<anonymous> (/usr/local/lib/node_modules/npm/lib/utils/spawn.js:24:14)
14 verbose stack     at emitTwo (events.js:106:13)
14 verbose stack     at ChildProcess.emit (events.js:191:7)
14 verbose stack     at maybeClose (internal/child_process.js:850:16)
14 verbose stack     at Process.ChildProcess._handle.onexit (internal/child_process.js:215:5)
15 verbose pkgid crud-vue@
16 verbose cwd /home/pbarbosa/Workspace/tests-wokspace/crud-vue
17 error Linux 4.4.0-34-generic
18 error argv "/usr/local/bin/node" "/usr/local/bin/npm" "run" "dev"
19 error node v6.2.0
20 error npm  v3.8.9
21 error code ELIFECYCLE
22 error crud-vue@ dev: `npm-run-all --parallel watchify serve`
22 error Exit status 1
23 error Failed at the crud-vue@ dev script 'npm-run-all --parallel watchify serve'.
23 error Make sure you have the latest version of node.js and npm installed.
23 error If you do, this is most likely a problem with the crud-vue package,
23 error not with npm itself.
23 error Tell the author that this fails on your system:
23 error     npm-run-all --parallel watchify serve
23 error You can get information on how to open an issue for this project with:
23 error     npm bugs crud-vue
23 error Or if that isn't available, you can get their info via:
23 error     npm owner ls crud-vue
23 error There is likely additional logging output above.
24 verbose exit [ 1, true ]
